[2016-03-02 15:43:59.504] [DEBUG] normal - 2016-03-02 15:43:59.504 ::1 -- GET /a HTTP/1.1, null Mozilla/5.0 (Macintosh; Intel Mac OS X 10_11_2) AppleWebKit/537.36 (KHTML, like Gecko) Chrome/48.0.2564.116 Safari/537.36
[2016-03-02 15:45:13.686] [DEBUG] normal - 2016-03-02 15:45:13.686 ::1 -- GET /a HTTP/1.1, null Mozilla/5.0 (Macintosh; Intel Mac OS X 10_11_2) AppleWebKit/537.36 (KHTML, like Gecko) Chrome/48.0.2564.116 Safari/537.36
[2016-03-02 15:45:14.537] [DEBUG] normal - 2016-03-02 15:45:14.537 ::1 -- GET /a HTTP/1.1, null Mozilla/5.0 (Macintosh; Intel Mac OS X 10_11_2) AppleWebKit/537.36 (KHTML, like Gecko) Chrome/48.0.2564.116 Safari/537.36
[2016-03-02 15:48:34.415] [DEBUG] normal - 2016-03-02 15:48:34.413 ::1 -- GET /a HTTP/1.1, null Mozilla/5.0 (Macintosh; Intel Mac OS X 10_11_2) AppleWebKit/537.36 (KHTML, like Gecko) Chrome/48.0.2564.116 Safari/537.36
[2016-03-02 15:48:35.747] [DEBUG] normal - 2016-03-02 15:48:35.747 ::1 -- GET /a HTTP/1.1, null Mozilla/5.0 (Macintosh; Intel Mac OS X 10_11_2) AppleWebKit/537.36 (KHTML, like Gecko) Chrome/48.0.2564.116 Safari/537.36
[2016-03-02 15:48:40.127] [DEBUG] normal - 2016-03-02 15:48:40.127 ::1 -- GET / HTTP/1.1, null Mozilla/5.0 (Macintosh; Intel Mac OS X 10_11_2) AppleWebKit/537.36 (KHTML, like Gecko) Chrome/48.0.2564.116 Safari/537.36
[2016-03-02 15:48:40.283] [DEBUG] normal - 2016-03-02 15:48:40.283 ::1 -- GET /css/index.css HTTP/1.1, null Mozilla/5.0 (Macintosh; Intel Mac OS X 10_11_2) AppleWebKit/537.36 (KHTML, like Gecko) Chrome/48.0.2564.116 Safari/537.36
[2016-03-02 15:48:40.287] [DEBUG] normal - 2016-03-02 15:48:40.287 ::1 -- GET /js/page/index.js HTTP/1.1, null Mozilla/5.0 (Macintosh; Intel Mac OS X 10_11_2) AppleWebKit/537.36 (KHTML, like Gecko) Chrome/48.0.2564.116 Safari/537.36
[2016-03-02 15:48:40.288] [DEBUG] normal - 2016-03-02 15:48:40.288 ::1 -- GET /js/lib/DI.js HTTP/1.1, null Mozilla/5.0 (Macintosh; Intel Mac OS X 10_11_2) AppleWebKit/537.36 (KHTML, like Gecko) Chrome/48.0.2564.116 Safari/537.36
[2016-03-02 15:48:40.292] [DEBUG] normal - 2016-03-02 15:48:40.289 ::1 -- GET /css/base.css HTTP/1.1, null Mozilla/5.0 (Macintosh; Intel Mac OS X 10_11_2) AppleWebKit/537.36 (KHTML, like Gecko) Chrome/48.0.2564.116 Safari/537.36
[2016-03-02 15:48:40.308] [DEBUG] normal - 2016-03-02 15:48:40.307 ::1 -- GET /js/lib/jq.js HTTP/1.1, null Mozilla/5.0 (Macintosh; Intel Mac OS X 10_11_2) AppleWebKit/537.36 (KHTML, like Gecko) Chrome/48.0.2564.116 Safari/537.36
[2016-03-02 15:48:44.358] [DEBUG] normal - 2016-03-02 15:48:44.358 ::1 -- GET /a HTTP/1.1, null Mozilla/5.0 (Macintosh; Intel Mac OS X 10_11_2) AppleWebKit/537.36 (KHTML, like Gecko) Chrome/48.0.2564.116 Safari/537.36
[2016-03-02 15:49:33.154] [DEBUG] normal - 2016-03-02 15:49:33.154 ::1 -- GET /a HTTP/1.1, null Mozilla/5.0 (Macintosh; Intel Mac OS X 10_11_2) AppleWebKit/537.36 (KHTML, like Gecko) Chrome/48.0.2564.116 Safari/537.36
[2016-03-02 15:49:33.221] [DEBUG] normal - 2016-03-02 15:49:33.220 ::1 -- GET /css/a.css HTTP/1.1, null Mozilla/5.0 (Macintosh; Intel Mac OS X 10_11_2) AppleWebKit/537.36 (KHTML, like Gecko) Chrome/48.0.2564.116 Safari/537.36
[2016-03-02 15:49:33.221] [DEBUG] normal - 2016-03-02 15:49:33.221 ::1 -- GET /js/lib/jq.js HTTP/1.1, null Mozilla/5.0 (Macintosh; Intel Mac OS X 10_11_2) AppleWebKit/537.36 (KHTML, like Gecko) Chrome/48.0.2564.116 Safari/537.36
[2016-03-02 15:49:33.222] [DEBUG] normal - 2016-03-02 15:49:33.222 ::1 -- GET /js/lib/DI.js HTTP/1.1, null Mozilla/5.0 (Macintosh; Intel Mac OS X 10_11_2) AppleWebKit/537.36 (KHTML, like Gecko) Chrome/48.0.2564.116 Safari/537.36
[2016-03-02 15:49:33.222] [DEBUG] normal - 2016-03-02 15:49:33.222 ::1 -- GET /css/base.css HTTP/1.1, null Mozilla/5.0 (Macintosh; Intel Mac OS X 10_11_2) AppleWebKit/537.36 (KHTML, like Gecko) Chrome/48.0.2564.116 Safari/537.36
[2016-03-02 16:05:16.187] [DEBUG] normal - 2016-03-02 16:05:16.184 ::1 -- GET / HTTP/1.1, null Mozilla/5.0 (Macintosh; Intel Mac OS X 10_11_2) AppleWebKit/537.36 (KHTML, like Gecko) Chrome/48.0.2564.116 Safari/537.36
[2016-03-02 16:05:16.474] [DEBUG] normal - 2016-03-02 16:05:16.474 ::1 -- GET /css/index.css HTTP/1.1, null Mozilla/5.0 (Macintosh; Intel Mac OS X 10_11_2) AppleWebKit/537.36 (KHTML, like Gecko) Chrome/48.0.2564.116 Safari/537.36
[2016-03-02 16:05:16.477] [DEBUG] normal - 2016-03-02 16:05:16.474 ::1 -- GET /js/page/index.js HTTP/1.1, null Mozilla/5.0 (Macintosh; Intel Mac OS X 10_11_2) AppleWebKit/537.36 (KHTML, like Gecko) Chrome/48.0.2564.116 Safari/537.36
[2016-03-02 16:05:21.198] [DEBUG] normal - 2016-03-02 16:05:21.197 ::1 -- GET / HTTP/1.1, null Mozilla/5.0 (Macintosh; Intel Mac OS X 10_11_2) AppleWebKit/537.36 (KHTML, like Gecko) Chrome/48.0.2564.116 Safari/537.36
[2016-03-02 16:05:21.449] [DEBUG] normal - 2016-03-02 16:05:21.449 ::1 -- GET /css/base.css HTTP/1.1, null Mozilla/5.0 (Macintosh; Intel Mac OS X 10_11_2) AppleWebKit/537.36 (KHTML, like Gecko) Chrome/48.0.2564.116 Safari/537.36
[2016-03-02 16:05:21.450] [DEBUG] normal - 2016-03-02 16:05:21.450 ::1 -- GET /css/index.css HTTP/1.1, null Mozilla/5.0 (Macintosh; Intel Mac OS X 10_11_2) AppleWebKit/537.36 (KHTML, like Gecko) Chrome/48.0.2564.116 Safari/537.36
[2016-03-02 16:05:21.452] [DEBUG] normal - 2016-03-02 16:05:21.452 ::1 -- GET /js/lib/jq.js HTTP/1.1, null Mozilla/5.0 (Macintosh; Intel Mac OS X 10_11_2) AppleWebKit/537.36 (KHTML, like Gecko) Chrome/48.0.2564.116 Safari/537.36
[2016-03-02 16:05:21.451] [DEBUG] normal - 2016-03-02 16:05:21.451 ::1 -- GET /js/page/index.js HTTP/1.1, null Mozilla/5.0 (Macintosh; Intel Mac OS X 10_11_2) AppleWebKit/537.36 (KHTML, like Gecko) Chrome/48.0.2564.116 Safari/537.36
[2016-03-02 16:05:21.452] [DEBUG] normal - 2016-03-02 16:05:21.452 ::1 -- GET /js/lib/DI.js HTTP/1.1, null Mozilla/5.0 (Macintosh; Intel Mac OS X 10_11_2) AppleWebKit/537.36 (KHTML, like Gecko) Chrome/48.0.2564.116 Safari/537.36
[2016-03-02 16:06:59.341] [DEBUG] normal - 2016-03-02 16:06:59.340 ::1 -- GET / HTTP/1.1, null Mozilla/5.0 (Macintosh; Intel Mac OS X 10_11_2) AppleWebKit/537.36 (KHTML, like Gecko) Chrome/48.0.2564.116 Safari/537.36
[2016-03-02 16:06:59.492] [DEBUG] normal - 2016-03-02 16:06:59.492 ::1 -- GET /css/index.css HTTP/1.1, null Mozilla/5.0 (Macintosh; Intel Mac OS X 10_11_2) AppleWebKit/537.36 (KHTML, like Gecko) Chrome/48.0.2564.116 Safari/537.36
[2016-03-02 16:06:59.506] [DEBUG] normal - 2016-03-02 16:06:59.505 ::1 -- GET /js/page/index.js HTTP/1.1, null Mozilla/5.0 (Macintosh; Intel Mac OS X 10_11_2) AppleWebKit/537.36 (KHTML, like Gecko) Chrome/48.0.2564.116 Safari/537.36
[2016-03-02 16:06:59.509] [DEBUG] normal - 2016-03-02 16:06:59.508 ::1 -- GET /js/lib/DI.js HTTP/1.1, null Mozilla/5.0 (Macintosh; Intel Mac OS X 10_11_2) AppleWebKit/537.36 (KHTML, like Gecko) Chrome/48.0.2564.116 Safari/537.36
[2016-03-02 16:06:59.507] [DEBUG] normal - 2016-03-02 16:06:59.504 ::1 -- GET /css/base.css HTTP/1.1, null Mozilla/5.0 (Macintosh; Intel Mac OS X 10_11_2) AppleWebKit/537.36 (KHTML, like Gecko) Chrome/48.0.2564.116 Safari/537.36
[2016-03-02 16:06:59.525] [DEBUG] normal - 2016-03-02 16:06:59.525 ::1 -- GET /js/lib/jq.js HTTP/1.1, null Mozilla/5.0 (Macintosh; Intel Mac OS X 10_11_2) AppleWebKit/537.36 (KHTML, like Gecko) Chrome/48.0.2564.116 Safari/537.36
[2016-03-02 16:07:12.798] [DEBUG] normal - 2016-03-02 16:07:12.798 ::1 -- GET / HTTP/1.1, null Mozilla/5.0 (Macintosh; Intel Mac OS X 10_11_2) AppleWebKit/537.36 (KHTML, like Gecko) Chrome/48.0.2564.116 Safari/537.36
[2016-03-02 16:07:12.938] [DEBUG] normal - 2016-03-02 16:07:12.938 ::1 -- GET /js/page/index.js HTTP/1.1, null Mozilla/5.0 (Macintosh; Intel Mac OS X 10_11_2) AppleWebKit/537.36 (KHTML, like Gecko) Chrome/48.0.2564.116 Safari/537.36
[2016-03-02 16:07:12.940] [DEBUG] normal - 2016-03-02 16:07:12.940 ::1 -- GET /css/index.css HTTP/1.1, null Mozilla/5.0 (Macintosh; Intel Mac OS X 10_11_2) AppleWebKit/537.36 (KHTML, like Gecko) Chrome/48.0.2564.116 Safari/537.36
[2016-03-02 16:07:12.939] [DEBUG] normal - 2016-03-02 16:07:12.939 ::1 -- GET /js/lib/jq.js HTTP/1.1, null Mozilla/5.0 (Macintosh; Intel Mac OS X 10_11_2) AppleWebKit/537.36 (KHTML, like Gecko) Chrome/48.0.2564.116 Safari/537.36
[2016-03-02 16:07:12.940] [DEBUG] normal - 2016-03-02 16:07:12.940 ::1 -- GET /js/lib/DI.js HTTP/1.1, null Mozilla/5.0 (Macintosh; Intel Mac OS X 10_11_2) AppleWebKit/537.36 (KHTML, like Gecko) Chrome/48.0.2564.116 Safari/537.36
[2016-03-02 16:07:12.942] [DEBUG] normal - 2016-03-02 16:07:12.942 ::1 -- GET /css/base.css HTTP/1.1, null Mozilla/5.0 (Macintosh; Intel Mac OS X 10_11_2) AppleWebKit/537.36 (KHTML, like Gecko) Chrome/48.0.2564.116 Safari/537.36
[2016-03-02 16:07:13.483] [DEBUG] normal - 2016-03-02 16:07:13.482 ::1 -- GET / HTTP/1.1, null Mozilla/5.0 (Macintosh; Intel Mac OS X 10_11_2) AppleWebKit/537.36 (KHTML, like Gecko) Chrome/48.0.2564.116 Safari/537.36
[2016-03-02 16:07:13.591] [DEBUG] normal - 2016-03-02 16:07:13.591 ::1 -- GET /css/index.css HTTP/1.1, null Mozilla/5.0 (Macintosh; Intel Mac OS X 10_11_2) AppleWebKit/537.36 (KHTML, like Gecko) Chrome/48.0.2564.116 Safari/537.36
[2016-03-02 16:07:13.591] [DEBUG] normal - 2016-03-02 16:07:13.591 ::1 -- GET /js/page/index.js HTTP/1.1, null Mozilla/5.0 (Macintosh; Intel Mac OS X 10_11_2) AppleWebKit/537.36 (KHTML, like Gecko) Chrome/48.0.2564.116 Safari/537.36
[2016-03-02 16:07:13.592] [DEBUG] normal - 2016-03-02 16:07:13.592 ::1 -- GET /css/base.css HTTP/1.1, null Mozilla/5.0 (Macintosh; Intel Mac OS X 10_11_2) AppleWebKit/537.36 (KHTML, like Gecko) Chrome/48.0.2564.116 Safari/537.36
[2016-03-02 16:07:13.593] [DEBUG] normal - 2016-03-02 16:07:13.593 ::1 -- GET /js/lib/jq.js HTTP/1.1, null Mozilla/5.0 (Macintosh; Intel Mac OS X 10_11_2) AppleWebKit/537.36 (KHTML, like Gecko) Chrome/48.0.2564.116 Safari/537.36
[2016-03-02 16:07:13.593] [DEBUG] normal - 2016-03-02 16:07:13.593 ::1 -- GET /js/lib/DI.js HTTP/1.1, null Mozilla/5.0 (Macintosh; Intel Mac OS X 10_11_2) AppleWebKit/537.36 (KHTML, like Gecko) Chrome/48.0.2564.116 Safari/537.36
[2016-03-02 16:07:13.997] [DEBUG] normal - 2016-03-02 16:07:13.997 ::1 -- GET / HTTP/1.1, null Mozilla/5.0 (Macintosh; Intel Mac OS X 10_11_2) AppleWebKit/537.36 (KHTML, like Gecko) Chrome/48.0.2564.116 Safari/537.36
[2016-03-02 16:07:14.104] [DEBUG] normal - 2016-03-02 16:07:14.104 ::1 -- GET /css/index.css HTTP/1.1, null Mozilla/5.0 (Macintosh; Intel Mac OS X 10_11_2) AppleWebKit/537.36 (KHTML, like Gecko) Chrome/48.0.2564.116 Safari/537.36
[2016-03-02 16:07:14.104] [DEBUG] normal - 2016-03-02 16:07:14.104 ::1 -- GET /js/page/index.js HTTP/1.1, null Mozilla/5.0 (Macintosh; Intel Mac OS X 10_11_2) AppleWebKit/537.36 (KHTML, like Gecko) Chrome/48.0.2564.116 Safari/537.36
[2016-03-02 16:07:14.105] [DEBUG] normal - 2016-03-02 16:07:14.105 ::1 -- GET /css/base.css HTTP/1.1, null Mozilla/5.0 (Macintosh; Intel Mac OS X 10_11_2) AppleWebKit/537.36 (KHTML, like Gecko) Chrome/48.0.2564.116 Safari/537.36
[2016-03-02 16:07:14.106] [DEBUG] normal - 2016-03-02 16:07:14.106 ::1 -- GET /js/lib/DI.js HTTP/1.1, null Mozilla/5.0 (Macintosh; Intel Mac OS X 10_11_2) AppleWebKit/537.36 (KHTML, like Gecko) Chrome/48.0.2564.116 Safari/537.36
[2016-03-02 16:07:14.106] [DEBUG] normal - 2016-03-02 16:07:14.106 ::1 -- GET /js/lib/jq.js HTTP/1.1, null Mozilla/5.0 (Macintosh; Intel Mac OS X 10_11_2) AppleWebKit/537.36 (KHTML, like Gecko) Chrome/48.0.2564.116 Safari/537.36
[2016-03-02 16:07:14.409] [DEBUG] normal - 2016-03-02 16:07:14.409 ::1 -- GET / HTTP/1.1, null Mozilla/5.0 (Macintosh; Intel Mac OS X 10_11_2) AppleWebKit/537.36 (KHTML, like Gecko) Chrome/48.0.2564.116 Safari/537.36
[2016-03-02 16:07:14.539] [DEBUG] normal - 2016-03-02 16:07:14.539 ::1 -- GET /css/index.css HTTP/1.1, null Mozilla/5.0 (Macintosh; Intel Mac OS X 10_11_2) AppleWebKit/537.36 (KHTML, like Gecko) Chrome/48.0.2564.116 Safari/537.36
[2016-03-02 16:07:14.539] [DEBUG] normal - 2016-03-02 16:07:14.539 ::1 -- GET /css/base.css HTTP/1.1, null Mozilla/5.0 (Macintosh; Intel Mac OS X 10_11_2) AppleWebKit/537.36 (KHTML, like Gecko) Chrome/48.0.2564.116 Safari/537.36
[2016-03-02 16:07:14.540] [DEBUG] normal - 2016-03-02 16:07:14.540 ::1 -- GET /js/lib/jq.js HTTP/1.1, null Mozilla/5.0 (Macintosh; Intel Mac OS X 10_11_2) AppleWebKit/537.36 (KHTML, like Gecko) Chrome/48.0.2564.116 Safari/537.36
[2016-03-02 16:07:14.541] [DEBUG] normal - 2016-03-02 16:07:14.541 ::1 -- GET /js/page/index.js HTTP/1.1, null Mozilla/5.0 (Macintosh; Intel Mac OS X 10_11_2) AppleWebKit/537.36 (KHTML, like Gecko) Chrome/48.0.2564.116 Safari/537.36
[2016-03-02 16:07:14.546] [DEBUG] normal - 2016-03-02 16:07:14.546 ::1 -- GET /js/lib/DI.js HTTP/1.1, null Mozilla/5.0 (Macintosh; Intel Mac OS X 10_11_2) AppleWebKit/537.36 (KHTML, like Gecko) Chrome/48.0.2564.116 Safari/537.36
[2016-03-02 16:07:14.791] [DEBUG] normal - 2016-03-02 16:07:14.790 ::1 -- GET / HTTP/1.1, null Mozilla/5.0 (Macintosh; Intel Mac OS X 10_11_2) AppleWebKit/537.36 (KHTML, like Gecko) Chrome/48.0.2564.116 Safari/537.36
[2016-03-02 16:07:14.904] [DEBUG] normal - 2016-03-02 16:07:14.903 ::1 -- GET /css/index.css HTTP/1.1, null Mozilla/5.0 (Macintosh; Intel Mac OS X 10_11_2) AppleWebKit/537.36 (KHTML, like Gecko) Chrome/48.0.2564.116 Safari/537.36
[2016-03-02 16:07:14.904] [DEBUG] normal - 2016-03-02 16:07:14.904 ::1 -- GET /js/lib/jq.js HTTP/1.1, null Mozilla/5.0 (Macintosh; Intel Mac OS X 10_11_2) AppleWebKit/537.36 (KHTML, like Gecko) Chrome/48.0.2564.116 Safari/537.36
[2016-03-02 16:07:14.906] [DEBUG] normal - 2016-03-02 16:07:14.906 ::1 -- GET /js/lib/DI.js HTTP/1.1, null Mozilla/5.0 (Macintosh; Intel Mac OS X 10_11_2) AppleWebKit/537.36 (KHTML, like Gecko) Chrome/48.0.2564.116 Safari/537.36
[2016-03-02 16:07:14.905] [DEBUG] normal - 2016-03-02 16:07:14.905 ::1 -- GET /css/base.css HTTP/1.1, null Mozilla/5.0 (Macintosh; Intel Mac OS X 10_11_2) AppleWebKit/537.36 (KHTML, like Gecko) Chrome/48.0.2564.116 Safari/537.36
[2016-03-02 16:07:14.906] [DEBUG] normal - 2016-03-02 16:07:14.906 ::1 -- GET /js/page/index.js HTTP/1.1, null Mozilla/5.0 (Macintosh; Intel Mac OS X 10_11_2) AppleWebKit/537.36 (KHTML, like Gecko) Chrome/48.0.2564.116 Safari/537.36
[2016-03-02 16:07:15.085] [DEBUG] normal - 2016-03-02 16:07:15.085 ::1 -- GET / HTTP/1.1, null Mozilla/5.0 (Macintosh; Intel Mac OS X 10_11_2) AppleWebKit/537.36 (KHTML, like Gecko) Chrome/48.0.2564.116 Safari/537.36
[2016-03-02 16:07:15.151] [DEBUG] normal - 2016-03-02 16:07:15.151 ::1 -- GET / HTTP/1.1, null Mozilla/5.0 (Macintosh; Intel Mac OS X 10_11_2) AppleWebKit/537.36 (KHTML, like Gecko) Chrome/48.0.2564.116 Safari/537.36
[2016-03-02 16:07:15.297] [DEBUG] normal - 2016-03-02 16:07:15.297 ::1 -- GET /js/page/index.js HTTP/1.1, null Mozilla/5.0 (Macintosh; Intel Mac OS X 10_11_2) AppleWebKit/537.36 (KHTML, like Gecko) Chrome/48.0.2564.116 Safari/537.36
[2016-03-02 16:07:15.297] [DEBUG] normal - 2016-03-02 16:07:15.297 ::1 -- GET /css/index.css HTTP/1.1, null Mozilla/5.0 (Macintosh; Intel Mac OS X 10_11_2) AppleWebKit/537.36 (KHTML, like Gecko) Chrome/48.0.2564.116 Safari/537.36
[2016-03-02 16:07:15.298] [DEBUG] normal - 2016-03-02 16:07:15.298 ::1 -- GET /css/base.css HTTP/1.1, null Mozilla/5.0 (Macintosh; Intel Mac OS X 10_11_2) AppleWebKit/537.36 (KHTML, like Gecko) Chrome/48.0.2564.116 Safari/537.36
[2016-03-02 16:07:15.298] [DEBUG] normal - 2016-03-02 16:07:15.298 ::1 -- GET /js/lib/jq.js HTTP/1.1, null Mozilla/5.0 (Macintosh; Intel Mac OS X 10_11_2) AppleWebKit/537.36 (KHTML, like Gecko) Chrome/48.0.2564.116 Safari/537.36
[2016-03-02 16:07:15.299] [DEBUG] normal - 2016-03-02 16:07:15.299 ::1 -- GET /js/lib/DI.js HTTP/1.1, null Mozilla/5.0 (Macintosh; Intel Mac OS X 10_11_2) AppleWebKit/537.36 (KHTML, like Gecko) Chrome/48.0.2564.116 Safari/537.36
[2016-03-02 16:07:15.484] [DEBUG] normal - 2016-03-02 16:07:15.484 ::1 -- GET / HTTP/1.1, null Mozilla/5.0 (Macintosh; Intel Mac OS X 10_11_2) AppleWebKit/537.36 (KHTML, like Gecko) Chrome/48.0.2564.116 Safari/537.36
[2016-03-02 16:07:15.613] [DEBUG] normal - 2016-03-02 16:07:15.613 ::1 -- GET /css/base.css HTTP/1.1, null Mozilla/5.0 (Macintosh; Intel Mac OS X 10_11_2) AppleWebKit/537.36 (KHTML, like Gecko) Chrome/48.0.2564.116 Safari/537.36
[2016-03-02 16:07:15.613] [DEBUG] normal - 2016-03-02 16:07:15.612 ::1 -- GET /css/index.css HTTP/1.1, null Mozilla/5.0 (Macintosh; Intel Mac OS X 10_11_2) AppleWebKit/537.36 (KHTML, like Gecko) Chrome/48.0.2564.116 Safari/537.36
[2016-03-02 16:07:15.615] [DEBUG] normal - 2016-03-02 16:07:15.615 ::1 -- GET /js/page/index.js HTTP/1.1, null Mozilla/5.0 (Macintosh; Intel Mac OS X 10_11_2) AppleWebKit/537.36 (KHTML, like Gecko) Chrome/48.0.2564.116 Safari/537.36
[2016-03-02 16:07:15.616] [DEBUG] normal - 2016-03-02 16:07:15.616 ::1 -- GET /js/lib/jq.js HTTP/1.1, null Mozilla/5.0 (Macintosh; Intel Mac OS X 10_11_2) AppleWebKit/537.36 (KHTML, like Gecko) Chrome/48.0.2564.116 Safari/537.36
[2016-03-02 16:07:15.617] [DEBUG] normal - 2016-03-02 16:07:15.617 ::1 -- GET /js/lib/DI.js HTTP/1.1, null Mozilla/5.0 (Macintosh; Intel Mac OS X 10_11_2) AppleWebKit/537.36 (KHTML, like Gecko) Chrome/48.0.2564.116 Safari/537.36
[2016-03-02 16:07:15.785] [DEBUG] normal - 2016-03-02 16:07:15.785 ::1 -- GET / HTTP/1.1, null Mozilla/5.0 (Macintosh; Intel Mac OS X 10_11_2) AppleWebKit/537.36 (KHTML, like Gecko) Chrome/48.0.2564.116 Safari/537.36
[2016-03-02 16:07:16.528] [DEBUG] normal - 2016-03-02 16:07:16.528 ::1 -- GET /js/page/index.js HTTP/1.1, null Mozilla/5.0 (Macintosh; Intel Mac OS X 10_11_2) AppleWebKit/537.36 (KHTML, like Gecko) Chrome/48.0.2564.116 Safari/537.36
[2016-03-02 16:07:16.528] [DEBUG] normal - 2016-03-02 16:07:16.528 ::1 -- GET /css/index.css HTTP/1.1, null Mozilla/5.0 (Macintosh; Intel Mac OS X 10_11_2) AppleWebKit/537.36 (KHTML, like Gecko) Chrome/48.0.2564.116 Safari/537.36
[2016-03-02 16:07:16.530] [DEBUG] normal - 2016-03-02 16:07:16.530 ::1 -- GET /css/base.css HTTP/1.1, null Mozilla/5.0 (Macintosh; Intel Mac OS X 10_11_2) AppleWebKit/537.36 (KHTML, like Gecko) Chrome/48.0.2564.116 Safari/537.36
[2016-03-02 16:07:16.529] [DEBUG] normal - 2016-03-02 16:07:16.529 ::1 -- GET /js/lib/jq.js HTTP/1.1, null Mozilla/5.0 (Macintosh; Intel Mac OS X 10_11_2) AppleWebKit/537.36 (KHTML, like Gecko) Chrome/48.0.2564.116 Safari/537.36
[2016-03-02 16:07:16.530] [DEBUG] normal - 2016-03-02 16:07:16.530 ::1 -- GET /js/lib/DI.js HTTP/1.1, null Mozilla/5.0 (Macintosh; Intel Mac OS X 10_11_2) AppleWebKit/537.36 (KHTML, like Gecko) Chrome/48.0.2564.116 Safari/537.36
[2016-03-02 16:08:48.629] [DEBUG] normal - 2016-03-02 16:08:48.627 ::1 -- GET / HTTP/1.1, null Mozilla/5.0 (Macintosh; Intel Mac OS X 10_11_2) AppleWebKit/537.36 (KHTML, like Gecko) Chrome/48.0.2564.116 Safari/537.36
[2016-03-02 16:08:48.775] [DEBUG] normal - 2016-03-02 16:08:48.774 ::1 -- GET /css/index.css HTTP/1.1, null Mozilla/5.0 (Macintosh; Intel Mac OS X 10_11_2) AppleWebKit/537.36 (KHTML, like Gecko) Chrome/48.0.2564.116 Safari/537.36
[2016-03-02 16:08:48.779] [DEBUG] normal - 2016-03-02 16:08:48.779 ::1 -- GET /js/page/index.js HTTP/1.1, null Mozilla/5.0 (Macintosh; Intel Mac OS X 10_11_2) AppleWebKit/537.36 (KHTML, like Gecko) Chrome/48.0.2564.116 Safari/537.36
[2016-03-02 16:08:48.787] [DEBUG] normal - 2016-03-02 16:08:48.785 ::1 -- GET /css/base.css HTTP/1.1, null Mozilla/5.0 (Macintosh; Intel Mac OS X 10_11_2) AppleWebKit/537.36 (KHTML, like Gecko) Chrome/48.0.2564.116 Safari/537.36
[2016-03-02 16:08:48.802] [DEBUG] normal - 2016-03-02 16:08:48.801 ::1 -- GET /js/lib/jq.js HTTP/1.1, null Mozilla/5.0 (Macintosh; Intel Mac OS X 10_11_2) AppleWebKit/537.36 (KHTML, like Gecko) Chrome/48.0.2564.116 Safari/537.36
[2016-03-02 16:08:48.807] [DEBUG] normal - 2016-03-02 16:08:48.807 ::1 -- GET /js/lib/DI.js HTTP/1.1, null Mozilla/5.0 (Macintosh; Intel Mac OS X 10_11_2) AppleWebKit/537.36 (KHTML, like Gecko) Chrome/48.0.2564.116 Safari/537.36
